2026-05-17 22:23:14,440 INFO Sauvegarde locale créée : campflow_backup_2026-05-17_22-23.sqlite3
2026-05-17 22:23:16,526 INFO Export généré : Excel campflow_export_semaine_2026-05-11.xlsx
2026-05-17 22:23:16,674 INFO Export généré : CSV campflow_synthese_semaine_2026-05-11.csv, campflow_detail_creneaux_2026-05-11.csv, campflow_demandes_manuelles_2026-05-11.csv
2026-05-17 22:23:37,190 INFO Pointage créé : employé 5, service 1, arrivée 2026-05-17 22:23:37
2026-05-17 22:23:37,196 INFO Pointage créé : employé 5, service 1, départ 2026-05-17 22:23:37, durée 0.00h
2026-05-17 22:23:37,203 INFO Action responsable : créneau 21 validé
2026-05-17 22:26:29,939 INFO Export généré : Excel campflow_export_semaine_2026-05-11.xlsx
2026-05-17 22:26:30,010 INFO Export généré : CSV campflow_synthese_semaine_2026-05-11.csv, campflow_detail_creneaux_2026-05-11.csv, campflow_demandes_manuelles_2026-05-11.csv
2026-05-18 18:16:42,829 INFO Sauvegarde locale créée : campflow_backup_2026-05-18_18-16.sqlite3
2026-05-18 18:17:24,304 INFO Pointage créé : employé 2, service 1, arrivée 2026-05-18 18:17:24
2026-05-18 18:17:24,312 INFO Pointage créé : employé 2, service 1, départ 2026-05-18 18:17:24, durée 0.00h
2026-05-18 18:17:24,742 INFO Export généré : Excel campflow_export_semaine_2026-05-18.xlsx
2026-05-18 18:17:24,901 INFO Export généré : CSV campflow_synthese_semaine_2026-05-18.csv, campflow_detail_creneaux_2026-05-18.csv, campflow_demandes_manuelles_2026-05-18.csv
2026-05-18 18:17:56,917 INFO Export généré : Excel campflow_export_semaine_2026-05-18.xlsx
2026-05-18 18:17:56,984 INFO Export généré : CSV campflow_synthese_semaine_2026-05-18.csv, campflow_detail_creneaux_2026-05-18.csv, campflow_demandes_manuelles_2026-05-18.csv
2026-05-18 18:36:00,025 INFO Sauvegarde locale créée : campflow_backup_2026-05-18_18-36.sqlite3
2026-05-18 18:36:08,577 INFO Compte responsable par défaut créé : admin@campflow.local
2026-05-18 18:36:08,855 INFO Login responsable réussi : admin@campflow.local
2026-05-18 18:36:09,137 WARNING Login responsable refusé : admin@campflow.local
2026-05-18 18:37:22,948 INFO Compte responsable par défaut créé : admin@campflow.local
2026-05-18 18:37:23,236 INFO Login responsable réussi : admin@campflow.local
2026-05-18 18:37:23,511 WARNING Login responsable refusé : admin@campflow.local
2026-05-18 18:37:23,831 INFO Responsable créé : marie@example.test
2026-05-18 18:37:24,122 INFO Login responsable réussi : marie@example.test
2026-05-18 18:37:24,853 INFO Pointage créé : employé 2, service 1, arrivée 2026-05-18 18:37:24
2026-05-18 18:37:25,257 INFO Export généré : Excel campflow_export_semaine_2026-05-18.xlsx
2026-05-18 18:37:25,316 INFO Export généré : CSV campflow_synthese_semaine_2026-05-18.csv, campflow_detail_creneaux_2026-05-18.csv, campflow_demandes_manuelles_2026-05-18.csv
2026-05-18 18:38:54,831 INFO Login responsable réussi : admin@campflow.local
2026-05-18 18:38:54,978 INFO Export généré : Excel campflow_export_semaine_2026-05-18.xlsx
2026-05-18 18:38:55,025 INFO Export généré : CSV campflow_synthese_semaine_2026-05-18.csv, campflow_detail_creneaux_2026-05-18.csv, campflow_demandes_manuelles_2026-05-18.csv
2026-05-18 18:48:59,032 INFO Sauvegarde locale créée : campflow_backup_2026-05-18_18-48.sqlite3
2026-05-18 18:49:17,826 INFO Compte responsable par défaut créé : admin@campflow.local
2026-05-18 18:49:18,109 INFO Login responsable réussi : admin@campflow.local
2026-05-18 18:49:18,109 WARNING Tentative changement mot de passe refusée : user 1
2026-05-18 18:49:18,110 WARNING Tentative changement mot de passe refusée : user 1
2026-05-18 18:49:18,110 WARNING Tentative changement mot de passe refusée : user 1
2026-05-18 18:49:19,294 INFO Changement mot de passe réussi : admin@campflow.local
2026-05-18 18:49:19,571 WARNING Login responsable refusé : admin@campflow.local
2026-05-18 18:49:19,862 INFO Login responsable réussi : admin@campflow.local
2026-05-18 18:49:19,863 WARNING Session responsable expirée : admin@campflow.local
2026-05-18 18:49:21,185 INFO Pointage créé : employé 2, service 1, arrivée 2026-05-18 18:49:21
2026-05-18 18:49:41,492 INFO Login responsable réussi : admin@campflow.local
2026-05-18 18:49:41,493 WARNING Tentative changement mot de passe refusée : user 1
2026-05-18 18:58:11,506 INFO Sauvegarde locale créée : campflow_backup_2026-05-18_18-58.sqlite3
2026-05-18 18:58:41,041 INFO Compte responsable par défaut créé : admin@campflow.local
2026-05-18 18:58:41,420 INFO Login responsable réussi : admin@campflow.local
2026-05-18 18:58:42,690 INFO Changement mot de passe réussi : admin@campflow.local
2026-05-18 18:58:42,699 INFO Pointage créé : employé 2, service 1, arrivée 2026-05-18 18:58:42
2026-05-18 18:58:42,708 INFO Pointage créé : employé 2, service 1, départ 2026-05-18 18:58:42, durée 0.00h
2026-05-18 18:58:42,729 INFO Action responsable : créneau 1 validé
2026-05-18 18:58:42,742 INFO Pointage créé : employé 3, service 1, arrivée 2026-05-18 18:58:42
2026-05-18 18:58:42,749 INFO Pointage créé : employé 3, service 1, départ 2026-05-18 18:58:42, durée 0.00h
2026-05-18 18:58:42,762 INFO Action responsable : créneau 2 corrigé
2026-05-18 18:58:42,776 INFO Action responsable : demande manuelle 1 validé
2026-05-18 18:58:43,453 INFO Export généré : Excel campflow_export_semaine_2026-05-18.xlsx
2026-05-18 18:58:43,459 INFO Sauvegarde locale créée : campflow_backup_2026-05-18_18-58.sqlite3
2026-05-18 19:14:55,884 INFO Login responsable réussi : admin@campflow.local
2026-05-18 19:18:19,370 INFO Login responsable réussi : admin@campflow.local
2026-05-18 19:21:30,965 INFO Login responsable réussi : admin@campflow.local
2026-05-18 19:22:44,524 WARNING Login responsable refusé : identifiants incomplets
2026-05-18 19:22:46,886 INFO Login responsable réussi : admin@campflow.local
2026-05-18 19:22:46,927 WARNING Tentative changement mot de passe refusée : user 1
2026-05-18 19:22:46,927 INFO Déconnexion responsable : admin@campflow.local
2026-05-18 19:23:15,531 INFO Changement mot de passe réussi : admin@campflow.local
2026-05-18 19:23:15,638 INFO Déconnexion responsable : admin@campflow.local
2026-05-18 19:23:18,007 WARNING Login responsable refusé : identifiants incomplets
2026-05-18 19:23:18,061 WARNING Login responsable refusé : identifiants incomplets
2026-05-18 19:23:26,060 INFO Login responsable réussi : admin@campflow.local
2026-05-18 19:23:26,246 INFO Déconnexion responsable : admin@campflow.local
2026-05-18 19:25:05,213 WARNING Login responsable refusé : identifiants incomplets
2026-05-18 19:25:07,950 WARNING Login responsable refusé : identifiants incomplets
2026-05-18 19:27:43,528 INFO Login responsable réussi : admin@campflow.local
2026-05-18 19:27:43,646 INFO Déconnexion responsable : admin@campflow.local
2026-05-18 19:30:11,964 INFO Pointage créé : employé 3, service 1, arrivée 2026-05-18 19:30:11
2026-05-18 19:30:16,321 INFO Pointage créé : employé 3, service 1, départ 2026-05-18 19:30:16, durée 0.00h
2026-05-18 19:31:07,604 WARNING Login responsable refusé : identifiants incomplets
2026-05-18 19:31:25,174 WARNING Login responsable refusé : identifiants incomplets
2026-05-18 19:31:28,558 INFO Login responsable réussi : admin@campflow.local
2026-05-18 19:31:28,701 INFO Déconnexion responsable : admin@campflow.local
2026-05-18 19:31:31,574 WARNING Login responsable refusé : identifiants incomplets
2026-05-18 19:31:31,619 WARNING Login responsable refusé : identifiants incomplets
